<?xml version="1.0" encoding="UTF-8"?>
<TestRun id="73cac15f-77c3-47cc-bcc2-fbf2ce2c0593" name="Sample" runUser="RIDOSRV\rido" xmlns="http://microsoft.com/schemas/VisualStudio/TeamTest/2006">
  <TestRunConfiguration name="LocalRun" id="9af84c66-5973-4f9e-8a9f-04e4893e10c1">
    <Description>SampleSuite to test trx2html</Description>
    <Timeouts testTimeout="300000" />
    <Deployment runDeploymentRoot="D:\rido\My Documents\Sample">
      <DeploymentItem filename="D:\rido\atCodePlex\trx2html\TRX2HTML Solution\trx2html\bin\Release\trx2html.exe" />
    </Deployment>
    <NamingScheme baseName="Sample" appendTimeStamp="false" useDefault="false" />
    <TestTypeSpecific>
      <WebTestRunConfiguration testTypeId="4e7599fa-5ecb-43e9-a887-cd63cf72d207">
        <Browser name="Internet Explorer 6.0">
          <Headers>
            <Header name="User-Agent" value="Mozilla/4.0 (compatible; MSIE 6.0; Windows NT 5.1)" />
            <Header name="Accept" value="*/*" />
            <Header name="Accept-Language" value="{{$IEAcceptLanguage}}" />
            <Header name="Accept-Encoding" value="GZIP" />
          </Headers>
        </Browser>
        <Network Name="LAN" BandwidthInKbps="0" />
      </WebTestRunConfiguration>
    </TestTypeSpecific>
  </TestRunConfiguration>
  <ResultSummary outcome="Completed">
    <Counters total="1" executed="1" passed="1" error="0" failed="0" timeout="0" aborted="0" inconclusive="0" passedButRunAborted="0" notRunnable="0" notExecuted="0" disconnected="0" warning="0" completed="0" inProgress="0" pending="0" />
  </ResultSummary>
  <Times creation="2008-02-04T23:14:59.2187500+01:00" queuing="2008-02-04T23:15:00.7031250+01:00" start="2008-02-04T23:15:01.3906250+01:00" finish="2008-02-04T23:15:01.7656250+01:00" />
  <TestDefinitions>
    <UnitTest name="StreamFromResourceTest" storage="d:\rido\atcodeplex\trx2html\trx2html solution\trx2html.test\bin\release\trx2html.test.dll" id="92f2efb0-47b6-db8d-fb8f-fdb1003e07f5">
      <Css projectStructure="" iteration="" />
      <Owners>
        <Owner name="" />
      </Owners>
      <DeploymentItems>
        <DeploymentItem filename="trx2html.exe" />
      </DeploymentItems>
      <Execution id="da043e5d-7321-4714-a13d-ee5f196a4599" />
      <TestMethod codeBase="D:\rido\atCodePlex\trx2html\TRX2HTML Solution\trx2html.Test\bin\Release\trx2html.Test.dll" adapterTypeName="Microsoft.VisualStudio.TestTools.TestTypes.Unit.UnitTestAdapter, Microsoft.VisualStudio.QualityTools.Tips.UnitTest.Adapter, Version=9.0.0.0, Culture=neutral, PublicKeyToken=b03f5f7f11d50a3a" className="trx2html.Test.ResourceReaderTest, trx2html.Test" name="StreamFromResourceTest" />
    </UnitTest>
  </TestDefinitions>
  <TestLists>
    <TestList name="Results Not in a List" id="8c84fa94-04c1-424b-9868-57a2d4851a1d" />
    <TestList name="All Loaded Results" id="19431567-8539-422a-85d7-44ee4e166bda" />
  </TestLists>
  <TestEntries>
    <TestEntry testId="92f2efb0-47b6-db8d-fb8f-fdb1003e07f5" executionId="da043e5d-7321-4714-a13d-ee5f196a4599" testListId="8c84fa94-04c1-424b-9868-57a2d4851a1d" />
  </TestEntries>
  <Results>
    <UnitTestResult executionId="da043e5d-7321-4714-a13d-ee5f196a4599" testId="92f2efb0-47b6-db8d-fb8f-fdb1003e07f5" testName="StreamFromResourceTest" computerName="RIDOSRV" duration="00:00:00.0683670" startTime="2008-02-04T23:15:01.4687500+01:00" endTime="2008-02-04T23:15:01.7031250+01:00" testType="13cdc9d9-ddb5-4fa4-a97d-d965ccfc6d4b" outcome="Passed" testListId="8c84fa94-04c1-424b-9868-57a2d4851a1d">
      <Output>
      </Output>
    </UnitTestResult>
  </Results>
</TestRun>